<?xml version="1.0" encoding="UTF-8"?>
<!-- Generated by org.testng.reporters.JUnitXMLReporter -->
<testsuite ignored="0" hostname="DESKTOP-QEFPGI2" failures="0" tests="5" name="Default test" time="38.003" errors="0" timestamp="2024-09-21T11:52:27 IST">
  <testcase classname="com.tutorialsninja.qa.testcases.Login" name="verifyLoginWithValidCredentials" time="1.787"/>
  <testcase classname="com.tutorialsninja.qa.testcases.Login" name="verifyLoginWithInValidCredentials" time="1.868"/>
  <testcase classname="com.tutorialsninja.qa.testcases.Login" name="verifyLoginWithValidPasswordAndInvalidEmail" time="1.824"/>
  <testcase classname="com.tutorialsninja.qa.testcases.Login" name="verifyLoginWithValidEmailAndInvalidPassword" time="1.397"/>
  <testcase classname="com.tutorialsninja.qa.testcases.Login" name="verifyLoginWithoutCredentials" time="1.48"/>
</testsuite> <!-- Default test -->
