<?xml version="1.0" encoding="UTF-8"?>
<testng-results ignored="0" total="5" passed="5" failed="0" skipped="0">
  <reporter-output>
  </reporter-output>
  <suite started-at="2024-09-21T11:51:49 IST" name="Default suite" finished-at="2024-09-21T11:52:27 IST" duration-ms="38003">
    <groups>
    </groups>
    <test started-at="2024-09-21T11:51:49 IST" name="Default test" finished-at="2024-09-21T11:52:27 IST" duration-ms="38003">
      <class name="com.tutorialsninja.qa.testcases.Login">
        <test-method is-config="true" signature="setUp()[pri:0, instance:com.tutorialsninja.qa.testcases.Login@7ea9e1e2]" started-at="2024-09-21T11:51:49 IST" name="setUp" finished-at="2024-09-21T11:51:56 IST" duration-ms="6759" status="PASS">
          <reporter-output>
          </reporter-output>
        </test-method> <!-- setUp -->
        <test-method signature="verifyLoginWithValidCredentials()[pri:1, instance:com.tutorialsninja.qa.testcases.Login@7ea9e1e2]" started-at="2024-09-21T11:51:56 IST" name="verifyLoginWithValidCredentials" finished-at="2024-09-21T11:51:58 IST" duration-ms="1787" status="PASS">
          <reporter-output>
          </reporter-output>
        </test-method> <!-- verifyLoginWithValidCredentials -->
        <test-method is-config="true" signature="tearDown()[pri:0, instance:com.tutorialsninja.qa.testcases.Login@7ea9e1e2]" started-at="2024-09-21T11:51:58 IST" name="tearDown" finished-at="2024-09-21T11:51:58 IST" duration-ms="385" status="PASS">
          <reporter-output>
          </reporter-output>
        </test-method> <!-- tearDown -->
        <test-method is-config="true" signature="setUp()[pri:0, instance:com.tutorialsninja.qa.testcases.Login@7ea9e1e2]" started-at="2024-09-21T11:51:58 IST" name="setUp" finished-at="2024-09-21T11:52:04 IST" duration-ms="5748" status="PASS">
          <reporter-output>
          </reporter-output>
        </test-method> <!-- setUp -->
        <test-method signature="verifyLoginWithInValidCredentials()[pri:2, instance:com.tutorialsninja.qa.testcases.Login@7ea9e1e2]" started-at="2024-09-21T11:52:04 IST" name="verifyLoginWithInValidCredentials" finished-at="2024-09-21T11:52:06 IST" duration-ms="1868" status="PASS">
          <reporter-output>
          </reporter-output>
        </test-method> <!-- verifyLoginWithInValidCredentials -->
        <test-method is-config="true" signature="tearDown()[pri:0, instance:com.tutorialsninja.qa.testcases.Login@7ea9e1e2]" started-at="2024-09-21T11:52:06 IST" name="tearDown" finished-at="2024-09-21T11:52:06 IST" duration-ms="325" status="PASS">
          <reporter-output>
          </reporter-output>
        </test-method> <!-- tearDown -->
        <test-method is-config="true" signature="setUp()[pri:0, instance:com.tutorialsninja.qa.testcases.Login@7ea9e1e2]" started-at="2024-09-21T11:52:06 IST" name="setUp" finished-at="2024-09-21T11:52:11 IST" duration-ms="4946" status="PASS">
          <reporter-output>
          </reporter-output>
        </test-method> <!-- setUp -->
        <test-method signature="verifyLoginWithValidPasswordAndInvalidEmail()[pri:3, instance:com.tutorialsninja.qa.testcases.Login@7ea9e1e2]" started-at="2024-09-21T11:52:11 IST" name="verifyLoginWithValidPasswordAndInvalidEmail" finished-at="2024-09-21T11:52:13 IST" duration-ms="1824" status="PASS">
          <reporter-output>
          </reporter-output>
        </test-method> <!-- verifyLoginWithValidPasswordAndInvalidEmail -->
        <test-method is-config="true" signature="tearDown()[pri:0, instance:com.tutorialsninja.qa.testcases.Login@7ea9e1e2]" started-at="2024-09-21T11:52:13 IST" name="tearDown" finished-at="2024-09-21T11:52:13 IST" duration-ms="300" status="PASS">
          <reporter-output>
          </reporter-output>
        </test-method> <!-- tearDown -->
        <test-method is-config="true" signature="setUp()[pri:0, instance:com.tutorialsninja.qa.testcases.Login@7ea9e1e2]" started-at="2024-09-21T11:52:13 IST" name="setUp" finished-at="2024-09-21T11:52:19 IST" duration-ms="5321" status="PASS">
          <reporter-output>
          </reporter-output>
        </test-method> <!-- setUp -->
        <test-method signature="verifyLoginWithValidEmailAndInvalidPassword()[pri:4, instance:com.tutorialsninja.qa.testcases.Login@7ea9e1e2]" started-at="2024-09-21T11:52:19 IST" name="verifyLoginWithValidEmailAndInvalidPassword" finished-at="2024-09-21T11:52:20 IST" duration-ms="1397" status="PASS">
          <reporter-output>
          </reporter-output>
        </test-method> <!-- verifyLoginWithValidEmailAndInvalidPassword -->
        <test-method is-config="true" signature="tearDown()[pri:0, instance:com.tutorialsninja.qa.testcases.Login@7ea9e1e2]" started-at="2024-09-21T11:52:20 IST" name="tearDown" finished-at="2024-09-21T11:52:20 IST" duration-ms="307" status="PASS">
          <reporter-output>
          </reporter-output>
        </test-method> <!-- tearDown -->
        <test-method is-config="true" signature="setUp()[pri:0, instance:com.tutorialsninja.qa.testcases.Login@7ea9e1e2]" started-at="2024-09-21T11:52:20 IST" name="setUp" finished-at="2024-09-21T11:52:26 IST" duration-ms="5178" status="PASS">
          <reporter-output>
          </reporter-output>
        </test-method> <!-- setUp -->
        <test-method signature="verifyLoginWithoutCredentials()[pri:5, instance:com.tutorialsninja.qa.testcases.Login@7ea9e1e2]" started-at="2024-09-21T11:52:26 IST" name="verifyLoginWithoutCredentials" finished-at="2024-09-21T11:52:27 IST" duration-ms="1480" status="PASS">
          <reporter-output>
          </reporter-output>
        </test-method> <!-- verifyLoginWithoutCredentials -->
        <test-method is-config="true" signature="tearDown()[pri:0, instance:com.tutorialsninja.qa.testcases.Login@7ea9e1e2]" started-at="2024-09-21T11:52:27 IST" name="tearDown" finished-at="2024-09-21T11:52:27 IST" duration-ms="309" status="PASS">
          <reporter-output>
          </reporter-output>
        </test-method> <!-- tearDown -->
      </class> <!-- com.tutorialsninja.qa.testcases.Login -->
    </test> <!-- Default test -->
  </suite> <!-- Default suite -->
</testng-results>
